<?xml version="1.0" encoding="UTF-8"?>
<!-- Generated by org.testng.reporters.JUnitReportReporter -->
<testsuite hostname="D-VINAY-AP" failures="0" tests="1" name="Tests.OneProducttest" time="18.061" errors="1" timestamp="2026-06-05T11:00:12 UTC" skipped="0">
  <testcase classname="Tests.OneProducttest" name="AllProducts" time="18.061">
    <error message="element click intercepted: Element &lt;a href=&quot;/product_details/1&quot; style=&quot;color: brown;&quot;&gt;...&lt;/a&gt; is not clickable at point (622, 676). Other element would receive the click: &lt;iframe id=&quot;aswift_2&quot; name=&quot;aswift_2&quot; style=&quot;min-height: auto; max-height: none; min-width: auto; max-width: none; width: 728px !important; height: 90px !important; display: block; margin: 0px auto;&quot; sandbox=&quot;allow-forms allow-popups allow-popups-to-escape-sandbox allow-same-origin allow-scripts allow-top-navigation-by-user-activation&quot; width=&quot;728&quot; height=&quot;90&quot; frameborder=&quot;0&quot; marginwidth=&quot;0&quot; marginheight=&quot;0&quot; vspace=&quot;0&quot; hspace=&quot;0&quot; allowtransparency=&quot;true&quot; scrolling=&quot;no&quot; allow=&quot;attribution-reporting; run-ad-auction&quot; src=&quot;https://googleads.g.doubleclick.net/pagead/html/r20260604/r20190131/zrt_lookup_fy2021.html#RS-1-&amp;amp;adk=1812271801&amp;amp;client=ca-pub-1677597403311019&amp;amp;fa=1&amp;amp;ifi=3&amp;amp;uci=a!3&amp;amp;btvi=1&quot; data-google-container-id=&quot;a!3&quot; tabindex=&quot;0&quot; title=&quot;Advertisement&quot; aria-label=&quot;Advertisement&quot; data-load-complete=&quot;true&quot;&gt;&lt;/iframe&gt;
  (Session info: MicrosoftEdge=148.0.3967.96)
Build info: version: &#039;4.41.0&#039;, revision: &#039;9fc754f&#039;
System info: os.name: &#039;Windows Server 2022&#039;, os.arch: &#039;amd64&#039;, os.version: &#039;10.0&#039;, java.version: &#039;24.0.2&#039;
Driver info: org.openqa.selenium.edge.EdgeDriver
Command: [9aa74fe18919aeda617e9f105aae52b0, clickElement {id=f.0E7BF255E21126DCDB863192244FC39F.d.0AA1A864D5E2DB0458CF9BAFA4CAC9A9.e.255}]
Capabilities {acceptInsecureCerts: false, browserName: MicrosoftEdge, browserVersion: 148.0.3967.96, fedcm:accounts: true, goog:processID: 8328, ms:edgeOptions: {debuggerAddress: localhost:54297}, msedge: {msedgedriverVersion: 148.0.3967.96 (9df8cc82dba1..., userDataDir: C:\Users\VINAY~1.KUM\AppDat...}, networkConnectionEnabled: false, pageLoadStrategy: normal, platformName: windows, proxy: Proxy(), se:cdp: ws://localhost:54297/devtoo..., se:cdpVersion: 148.0.3967.96, setWindowRect: true, strictFileInteractability: false, timeouts: {implicit: 0, pageLoad: 300000, script: 30000}, unhandledPromptBehavior: dismiss and notify, webauthn:extension:credBlob: true, webauthn:extension:largeBlob: true, webauthn:extension:minPinLength: true, webauthn:extension:prf: true, webauthn:virtualAuthenticators: true}
Element: [[EdgeDriver: MicrosoftEdge on windows (9aa74fe18919aeda617e9f105aae52b0)] -&gt; xpath: //div[@class=&#039;col-sm-9 padding-right&#039;]/div/div[2]//a[text()=&#039;View Product&#039;]]
Session ID: 9aa74fe18919aeda617e9f105aae52b0" type="org.openqa.selenium.ElementClickInterceptedException">
      <![CDATA[org.openqa.selenium.ElementClickInterceptedException: element click intercepted: Element <a href="/product_details/1" style="color: brown;">...</a> is not clickable at point (622, 676). Other element would receive the click: <iframe id="aswift_2" name="aswift_2" style="min-height: auto; max-height: none; min-width: auto; max-width: none; width: 728px !important; height: 90px !important; display: block; margin: 0px auto;" sandbox="allow-forms allow-popups allow-popups-to-escape-sandbox allow-same-origin allow-scripts allow-top-navigation-by-user-activation" width="728" height="90" frameborder="0" marginwidth="0" marginheight="0" vspace="0" hspace="0" allowtransparency="true" scrolling="no" allow="attribution-reporting; run-ad-auction" src="https://googleads.g.doubleclick.net/pagead/html/r20260604/r20190131/zrt_lookup_fy2021.html#RS-1-&amp;adk=1812271801&amp;client=ca-pub-1677597403311019&amp;fa=1&amp;ifi=3&amp;uci=a!3&amp;btvi=1" data-google-container-id="a!3" tabindex="0" title="Advertisement" aria-label="Advertisement" data-load-complete="true"></iframe>
  (Session info: MicrosoftEdge=148.0.3967.96)
Build info: version: '4.41.0', revision: '9fc754f'
System info: os.name: 'Windows Server 2022', os.arch: 'amd64', os.version: '10.0', java.version: '24.0.2'
Driver info: org.openqa.selenium.edge.EdgeDriver
Command: [9aa74fe18919aeda617e9f105aae52b0, clickElement {id=f.0E7BF255E21126DCDB863192244FC39F.d.0AA1A864D5E2DB0458CF9BAFA4CAC9A9.e.255}]
Capabilities {acceptInsecureCerts: false, browserName: MicrosoftEdge, browserVersion: 148.0.3967.96, fedcm:accounts: true, goog:processID: 8328, ms:edgeOptions: {debuggerAddress: localhost:54297}, msedge: {msedgedriverVersion: 148.0.3967.96 (9df8cc82dba1..., userDataDir: C:\Users\VINAY~1.KUM\AppDat...}, networkConnectionEnabled: false, pageLoadStrategy: normal, platformName: windows, proxy: Proxy(), se:cdp: ws://localhost:54297/devtoo..., se:cdpVersion: 148.0.3967.96, setWindowRect: true, strictFileInteractability: false, timeouts: {implicit: 0, pageLoad: 300000, script: 30000}, unhandledPromptBehavior: dismiss and notify, webauthn:extension:credBlob: true, webauthn:extension:largeBlob: true, webauthn:extension:minPinLength: true, webauthn:extension:prf: true, webauthn:virtualAuthenticators: true}
Element: [[EdgeDriver: MicrosoftEdge on windows (9aa74fe18919aeda617e9f105aae52b0)] -> xpath: //div[@class='col-sm-9 padding-right']/div/div[2]//a[text()='View Product']]
Session ID: 9aa74fe18919aeda617e9f105aae52b0
at org.openqa.selenium.remote.ErrorCodec.decode(ErrorCodec.java:169)
at org.openqa.selenium.remote.codec.w3c.W3CHttpResponseCodec.decode(W3CHttpResponseCodec.java:142)
at org.openqa.selenium.remote.codec.w3c.W3CHttpResponseCodec.decode(W3CHttpResponseCodec.java:49)
at org.openqa.selenium.remote.HttpCommandExecutor.execute(HttpCommandExecutor.java:223)
at org.openqa.selenium.remote.service.DriverCommandExecutor.invokeExecute(DriverCommandExecutor.java:216)
at org.openqa.selenium.remote.service.DriverCommandExecutor.execute(DriverCommandExecutor.java:174)
at org.openqa.selenium.remote.RemoteWebDriver.execute(RemoteWebDriver.java:604)
at org.openqa.selenium.remote.RemoteWebElement.execute(RemoteWebElement.java:223)
at org.openqa.selenium.remote.RemoteWebElement.click(RemoteWebElement.java:76)
at Tests.OneProducttest.AllProducts(OneProducttest.java:47)
at java.base/jdk.internal.reflect.DirectMethodHandleAccessor.invoke(DirectMethodHandleAccessor.java:104)
at java.base/java.lang.reflect.Method.invoke(Method.java:565)
at org.testng.internal.invokers.MethodInvocationHelper.invokeMethod(MethodInvocationHelper.java:141)
at org.testng.internal.invokers.TestInvoker.invokeMethod(TestInvoker.java:687)
at org.testng.internal.invokers.TestInvoker.invokeTestMethod(TestInvoker.java:230)
at org.testng.internal.invokers.MethodRunner.runInSequence(MethodRunner.java:63)
at org.testng.internal.invokers.TestInvoker$MethodInvocationAgent.invoke(TestInvoker.java:995)
at org.testng.internal.invokers.TestInvoker.invokeTestMethods(TestInvoker.java:203)
at org.testng.internal.invokers.TestMethodWorker.invokeTestMethods(TestMethodWorker.java:154)
at org.testng.internal.invokers.TestMethodWorker.run(TestMethodWorker.java:134)
at java.base/java.util.ArrayList.forEach(ArrayList.java:1604)
at org.testng.TestRunner.privateRun(TestRunner.java:741)
at org.testng.TestRunner.run(TestRunner.java:616)
at org.testng.SuiteRunner.runTest(SuiteRunner.java:421)
at org.testng.SuiteRunner.runSequentially(SuiteRunner.java:413)
at org.testng.SuiteRunner.privateRun(SuiteRunner.java:373)
at org.testng.SuiteRunner.run(SuiteRunner.java:312)
at org.testng.SuiteRunnerWorker.runSuite(SuiteRunnerWorker.java:52)
at org.testng.SuiteRunnerWorker.run(SuiteRunnerWorker.java:95)
at org.testng.TestNG.runSuitesSequentially(TestNG.java:1274)
at org.testng.TestNG.runSuitesLocally(TestNG.java:1208)
at org.testng.TestNG.runSuites(TestNG.java:1112)
at org.testng.TestNG.run(TestNG.java:1079)
at org.testng.remote.AbstractRemoteTestNG.run(AbstractRemoteTestNG.java:115)
at org.testng.remote.RemoteTestNG.initAndRun(RemoteTestNG.java:293)
at org.testng.remote.RemoteTestNG.main(RemoteTestNG.java:91)
]]>
    </error>
  </testcase> <!-- AllProducts -->
</testsuite> <!-- Tests.OneProducttest -->
